7
DELETE file: /Users/tuyu/Desktop/2018.png
DELETE file: /Users/tuyu/Desktop/java数据类型.png
DELETE file: /Users/tuyu/Desktop/jmm.png
DELETE file: /Users/tuyu/Desktop/miscellaneous/2016四级成绩.png
DELETE file: /Users/tuyu/Desktop/miscellaneous/2016年7月iphone6splus价格.png
DELETE file: /Users/tuyu/Desktop/miscellaneous/2017514厦航机票.png
DELETE file: /Users/tuyu/Desktop/miscellaneous/2017年1月机票价格.png
DELETE file: /Users/tuyu/Desktop/miscellaneous/i51.png
DELETE file: /Users/tuyu/Desktop/miscellaneous/i52.png
DELETE file: /Users/tuyu/Desktop/miscellaneous/Java虚拟机运行时数据区.png
DELETE file: /Users/tuyu/Desktop/miscellaneous/public_protected.png
DELETE file: /Users/tuyu/Desktop/miscellaneous/南航明珠卡.png
DELETE file: /Users/tuyu/Desktop/miscellaneous/家里路由器管理界面登录.png
DELETE file: /Users/tuyu/Desktop/miscellaneous/屏幕快照 2016-10-09 上午10.34.27.png
DELETE file: /Users/tuyu/Desktop/miscellaneous/引用计数算法-循环引用.png
DELETE file: /Users/tuyu/Desktop/miscellaneous/批量计算与流式计算的比较.png
DELETE file: /Users/tuyu/Desktop/miscellaneous/携程2016年12月机票价格.png
DELETE file: /Users/tuyu/Desktop/miscellaneous/携程2017年1月机票价格.png
DELETE file: /Users/tuyu/Desktop/miscellaneous/白鹭普卡.png
DELETE file: /Users/tuyu/Desktop/miscellaneous/飞利浦S9000系列.png
DELETE file: /Users/tuyu/Desktop/QQ20170822-091411@2x.png
DELETE file: /Users/tuyu/Desktop/QQ20170902-140714@2x.png
DELETE file: /Users/tuyu/Desktop/thread-state.png
DELETE file: /Users/tuyu/Desktop/数据挖掘/QQ20160822-0@2x.png
DELETE file: /Users/tuyu/Desktop/数据挖掘/QQ20160822-1@2x.png
DELETE file: /Users/tuyu/Desktop/数据挖掘/QQ20160822-2@2x.png
DELETE file: /Users/tuyu/Desktop/数据挖掘/QQ20160822-3@2x.png
DELETE file: /Users/tuyu/Desktop/流程.png
DELETE file: /Users/tuyu/Desktop/渝北.png
DELETE file: /Users/tuyu/Desktop/网络设备.png
DELETE file: /Users/tuyu/Desktop/软件安装提示/i53.png
DELETE file: /Users/tuyu/Desktop/软件安装提示/idea插件安装提示.png
DELETE file: /Users/tuyu/Desktop/软件安装提示/node安装提示.png
DELETE file: /Users/tuyu/Desktop/软件安装提示/QQ20170429-0@2x.png
DELETE file: /Users/tuyu/Desktop/软件安装提示/QQ20170712-133434@2x.png
DELETE file: /Users/tuyu/Desktop/软件安装提示/sourceCRT安装提示.png
DELETE file: /Users/tuyu/Desktop/软件安装提示/win7_sourceCRT安装提示.png
DELETE file: /Users/tuyu/Desktop/高级工程师.png
